<?xml version="1.0" encoding="UTF-8"?>
<!-- Generated by org.testng.reporters.JUnitReportReporter -->
<testsuite ignored="0" hostname="DESKTOP-DC0KEBR" failures="0" tests="1" name="com.demo.testcases.MainTest" time="10.741" errors="0" timestamp="14 Jun 2021 02:24:57 GMT" skipped="0">
  <testcase classname="com.demo.testcases.MainTest" name="mainTest" time="10.741"/>
</testsuite> <!-- com.demo.testcases.MainTest -->
